<?xml version="1.0" encoding="UTF-8"?>
<coverage generated="1569130033845" clover="3.2.0">
  <project timestamp="1569130033846" name="All files">
    <metrics statements="6" coveredstatements="6" conditionals="6" coveredconditionals="6" methods="7" coveredmethods="7" elements="19" coveredelements="19" complexity="0" loc="6" ncloc="6" packages="1" files="1" classes="1">
      <file name="data.js" path="/home/shhregina/Documentos/laboratoria/SAP003-data-lovers/src/data.js">
        <metrics statements="6" coveredstatements="6" conditionals="6" coveredconditionals="6" methods="7" coveredmethods="7"/>
        <line num="2" count="11" type="stmt"/>
        <line num="6" count="11" type="stmt"/>
        <line num="10" count="2" type="cond" truecount="2" falsecount="0"/>
        <line num="11" count="24" type="cond" truecount="2" falsecount="0"/>
        <line num="13" count="21" type="cond" truecount="2" falsecount="0"/>
        <line num="16" count="1" type="stmt"/>
      </file>
    </metrics>
  </project>
</coverage>
