{"/home/shhregina/Documentos/laboratoria/SAP003-data-lovers/src/data.js": {"path":"/home/shhregina/Documentos/laboratoria/SAP003-data-lovers/src/data.js","statementMap":{"0":{"start":{"line":2,"column":2},"end":{"line":2,"column":57}},"1":{"start":{"line":2,"column":32},"end":{"line":2,"column":54}},"2":{"start":{"line":6,"column":2},"end":{"line":6,"column":89}},"3":{"start":{"line":6,"column":31},"end":{"line":6,"column":87}},"4":{"start":{"line":10,"column":2},"end":{"line":12,"column":3}},"5":{"start":{"line":11,"column":4},"end":{"line":11,"column":57}},"6":{"start":{"line":11,"column":31},"end":{"line":11,"column":55}},"7":{"start":{"line":13,"column":2},"end":{"line":13,"column":55}},"8":{"start":{"line":13,"column":29},"end":{"line":13,"column":53}},"9":{"start":{"line":16,"column":0},"end":{"line":20,"column":2}}},"fnMap":{"0":{"name":"getValue","decl":{"start":{"line":1,"column":9},"end":{"line":1,"column":17}},"loc":{"start":{"line":1,"column":36},"end":{"line":3,"column":1}},"line":1},"1":{"name":"(anonymous_1)","decl":{"start":{"line":2,"column":21},"end":{"line":2,"column":22}},"loc":{"start":{"line":2,"column":32},"end":{"line":2,"column":54}},"line":2},"2":{"name":"getPerson","decl":{"start":{"line":5,"column":9},"end":{"line":5,"column":18}},"loc":{"start":{"line":5,"column":34},"end":{"line":7,"column":1}},"line":5},"3":{"name":"(anonymous_3)","decl":{"start":{"line":6,"column":21},"end":{"line":6,"column":22}},"loc":{"start":{"line":6,"column":31},"end":{"line":6,"column":87}},"line":6},"4":{"name":"getAllName","decl":{"start":{"line":9,"column":9},"end":{"line":9,"column":19}},"loc":{"start":{"line":9,"column":32},"end":{"line":14,"column":1}},"line":9},"5":{"name":"(anonymous_5)","decl":{"start":{"line":11,"column":21},"end":{"line":11,"column":22}},"loc":{"start":{"line":11,"column":31},"end":{"line":11,"column":55}},"line":11},"6":{"name":"(anonymous_6)","decl":{"start":{"line":13,"column":19},"end":{"line":13,"column":20}},"loc":{"start":{"line":13,"column":29},"end":{"line":13,"column":53}},"line":13}},"branchMap":{"0":{"loc":{"start":{"line":10,"column":2},"end":{"line":12,"column":3}},"type":"if","locations":[{"start":{"line":10,"column":2},"end":{"line":12,"column":3}},{"start":{"line":10,"column":2},"end":{"line":12,"column":3}}],"line":10},"1":{"loc":{"start":{"line":11,"column":31},"end":{"line":11,"column":55}},"type":"cond-expr","locations":[{"start":{"line":11,"column":49},"end":{"line":11,"column":50}},{"start":{"line":11,"column":53},"end":{"line":11,"column":55}}],"line":11},"2":{"loc":{"start":{"line":13,"column":29},"end":{"line":13,"column":53}},"type":"cond-expr","locations":[{"start":{"line":13,"column":47},"end":{"line":13,"column":49}},{"start":{"line":13,"column":52},"end":{"line":13,"column":53}}],"line":13}},"s":{"0":1,"1":11,"2":1,"3":11,"4":2,"5":1,"6":24,"7":1,"8":21,"9":1},"f":{"0":1,"1":11,"2":1,"3":11,"4":2,"5":24,"6":21},"b":{"0":[1,1],"1":[14,10],"2":[12,9]},"_coverageSchema":"332fd63041d2c1bcb487cc26dd0d5f7d97098a6c","hash":"6bdf1be02f89bf280eff45071ff320d9afa11581"}
}
