TN:
SF:/home/shhregina/Documentos/laboratoria/SAP003-data-lovers/src/data.js
FN:1,getValue
FN:2,(anonymous_1)
FN:5,getPerson
FN:6,(anonymous_3)
FN:9,getAllName
FN:11,(anonymous_5)
FN:13,(anonymous_6)
FNF:7
FNH:7
FNDA:1,getValue
FNDA:11,(anonymous_1)
FNDA:1,getPerson
FNDA:11,(anonymous_3)
FNDA:2,getAllName
FNDA:24,(anonymous_5)
FNDA:21,(anonymous_6)
DA:2,11
DA:6,11
DA:10,2
DA:11,24
DA:13,21
DA:16,1
LF:6
LH:6
BRDA:10,0,0,1
BRDA:10,0,1,1
BRDA:11,1,0,14
BRDA:11,1,1,10
BRDA:13,2,0,12
BRDA:13,2,1,9
BRF:6
BRH:6
end_of_record
